<?xml version="1.0" encoding="UTF-8"?>
<testng-results ignored="0" total="1" passed="1" failed="0" skipped="0">
  <reporter-output>
  </reporter-output>
  <suite started-at="2023-10-12T10:15:03 IST" name="Default suite" finished-at="2023-10-12T10:15:17 IST" duration-ms="13697">
    <groups>
    </groups>
    <test started-at="2023-10-12T10:15:03 IST" name="Default test" finished-at="2023-10-12T10:15:17 IST" duration-ms="13697">
      <class name="acttime.LoginToActTimeTest">
        <test-method signature="loginToAppTest()[pri:0, instance:acttime.LoginToActTimeTest@3e11f9e9]" started-at="2023-10-12T10:15:03 IST" name="loginToAppTest" finished-at="2023-10-12T10:15:17 IST" duration-ms="13588" status="PASS">
          <reporter-output>
          </reporter-output>
        </test-method> <!-- loginToAppTest -->
      </class> <!-- acttime.LoginToActTimeTest -->
    </test> <!-- Default test -->
  </suite> <!-- Default suite -->
</testng-results>
